<?xml version="1.0" encoding="UTF-8"?>
<testng-results ignored="0" total="1" passed="1" failed="0" skipped="0">
  <reporter-output>
  </reporter-output>
  <suite started-at="2024-09-01T09:45:30 IST" name="Default suite" finished-at="2024-09-01T09:45:53 IST" duration-ms="23047">
    <groups>
    </groups>
    <test started-at="2024-09-01T09:45:30 IST" name="Default test" finished-at="2024-09-01T09:45:53 IST" duration-ms="23047">
      <class name="tc_Repository.Test02">
        <test-method is-config="true" signature="createConnection()[pri:0, instance:tc_Repository.Test02@53aac487]" started-at="2024-09-01T09:45:30 IST" name="createConnection" finished-at="2024-09-01T09:45:30 IST" duration-ms="7" status="PASS">
          <reporter-output>
          </reporter-output>
        </test-method> <!-- createConnection -->
        <test-method is-config="true" signature="launchBrowser()[pri:0, instance:tc_Repository.Test02@53aac487]" started-at="2024-09-01T09:45:30 IST" name="launchBrowser" finished-at="2024-09-01T09:45:34 IST" duration-ms="4212" status="PASS">
          <reporter-output>
          </reporter-output>
        </test-method> <!-- launchBrowser -->
        <test-method is-config="true" signature="login()[pri:0, instance:tc_Repository.Test02@53aac487]" started-at="2024-09-01T09:45:34 IST" name="login" finished-at="2024-09-01T09:45:35 IST" duration-ms="603" status="PASS">
          <reporter-output>
          </reporter-output>
        </test-method> <!-- login -->
        <test-method signature="t2()[pri:0, instance:tc_Repository.Test02@53aac487]" started-at="2024-09-01T09:45:35 IST" name="t2" finished-at="2024-09-01T09:45:50 IST" duration-ms="14784" status="PASS">
          <reporter-output>
          </reporter-output>
        </test-method> <!-- t2 -->
        <test-method is-config="true" signature="logout()[pri:0, instance:tc_Repository.Test02@53aac487]" started-at="2024-09-01T09:45:50 IST" name="logout" finished-at="2024-09-01T09:45:53 IST" duration-ms="2907" status="PASS">
          <reporter-output>
          </reporter-output>
        </test-method> <!-- logout -->
        <test-method is-config="true" signature="closeBrowser()[pri:0, instance:tc_Repository.Test02@53aac487]" started-at="2024-09-01T09:45:53 IST" name="closeBrowser" finished-at="2024-09-01T09:45:53 IST" duration-ms="483" status="PASS">
          <reporter-output>
          </reporter-output>
        </test-method> <!-- closeBrowser -->
        <test-method is-config="true" signature="closeConnection()[pri:0, instance:tc_Repository.Test02@53aac487]" started-at="2024-09-01T09:45:53 IST" name="closeConnection" finished-at="2024-09-01T09:45:53 IST" duration-ms="6" status="PASS">
          <reporter-output>
          </reporter-output>
        </test-method> <!-- closeConnection -->
      </class> <!-- tc_Repository.Test02 -->
    </test> <!-- Default test -->
  </suite> <!-- Default suite -->
</testng-results>
